X:\Medienprog\Aufgabe 1\Aufgabe 1\Debug\Aufgabe 1.exe.embed.manifest
X:\Medienprog\Aufgabe 1\Aufgabe 1\Debug\Aufgabe 1.exe.embed.manifest.res
X:\Medienprog\Aufgabe 1\Aufgabe 1\Debug\Aufgabe 1.exe.intermediate.manifest
X:\Medienprog\Aufgabe 1\Aufgabe 1\Debug\Aufgabe 1.obj
X:\Medienprog\Aufgabe 1\Aufgabe 1\Debug\Aufgabe 1_manifest.rc
X:\Medienprog\Aufgabe 1\Aufgabe 1\Debug\cl.command.1.tlog
X:\Medienprog\Aufgabe 1\Aufgabe 1\Debug\CL.read.1.tlog
X:\Medienprog\Aufgabe 1\Aufgabe 1\Debug\CL.write.1.tlog
X:\Medienprog\Aufgabe 1\Aufgabe 1\Debug\link.2816.read.1.tlog
X:\Medienprog\Aufgabe 1\Aufgabe 1\Debug\link.2816.write.1.tlog
X:\Medienprog\Aufgabe 1\Aufgabe 1\Debug\link.2816-cvtres.read.1.tlog
X:\Medienprog\Aufgabe 1\Aufgabe 1\Debug\link.2816-cvtres.write.1.tlog
X:\Medienprog\Aufgabe 1\Aufgabe 1\Debug\link.3920.read.1.tlog
X:\Medienprog\Aufgabe 1\Aufgabe 1\Debug\link.3920.write.1.tlog
X:\Medienprog\Aufgabe 1\Aufgabe 1\Debug\link.3920-cvtres.read.1.tlog
X:\Medienprog\Aufgabe 1\Aufgabe 1\Debug\link.3920-cvtres.write.1.tlog
X:\Medienprog\Aufgabe 1\Aufgabe 1\Debug\link.command.1.tlog
X:\Medienprog\Aufgabe 1\Aufgabe 1\Debug\link.read.1.tlog
X:\Medienprog\Aufgabe 1\Aufgabe 1\Debug\link.write.1.tlog
X:\Medienprog\Aufgabe 1\Aufgabe 1\Debug\link-cvtres.read.1.tlog
X:\Medienprog\Aufgabe 1\Aufgabe 1\Debug\link-cvtres.write.1.tlog
X:\Medienprog\Aufgabe 1\Aufgabe 1\Debug\mt.command.1.tlog
X:\Medienprog\Aufgabe 1\Aufgabe 1\Debug\mt.read.1.tlog
X:\Medienprog\Aufgabe 1\Aufgabe 1\Debug\mt.write.1.tlog
X:\Medienprog\Aufgabe 1\Aufgabe 1\Debug\rc.command.1.tlog
X:\Medienprog\Aufgabe 1\Aufgabe 1\Debug\rc.read.1.tlog
X:\Medienprog\Aufgabe 1\Aufgabe 1\Debug\rc.write.1.tlog
X:\Medienprog\Aufgabe 1\Aufgabe 1\Debug\vc100.idb
X:\MEDIENPROG\AUFGABE 1\AUFGABE 1\DEBUG\VC100.PDB
X:\Medienprog\Aufgabe 1\Debug\Aufgabe 1.exe
X:\Medienprog\Aufgabe 1\Debug\Aufgabe 1.ilk
X:\MEDIENPROG\AUFGABE 1\DEBUG\AUFGABE 1.PDB
