Der Buildvorgang wurde am 25.10.2012 12:47:31 gestartet.
     1>Projekt "X:\Medienprog\Aufgabe 1\Aufgabe 1\Aufgabe 1.vcxproj" auf Knoten "3", rebuild Ziel(e).
     1>_PrepareForClean:
         Die Datei "Debug\Main.lastbuildstate" wird gelöscht.
       InitializeBuildStatus:
         Aktualisieren des Timestamps von "Debug\Main.unsuccessfulbuild".
       ClCompile:
         c:\Program Files (x86)\Microsoft Visual Studio 10.0\VC\bin\CL.exe /c /I"X:\Medienprog\Aufgabe 1\BibLib" /ZI /nologo /W3 /WX- /Od /Oy- /D WIN32 /D _DEBUG /D _CONSOLE /D _UNICODE /D UNICODE /Gm /EHsc /RTC1 /MDd /GS /fp:precise /Zc:wchar_t /Zc:forScope /Fo"Debug\\" /Fd"Debug\vc100.pdb" /Gd /TP /analyze- /errorReport:prompt main.cpp
         main.cpp
       ManifestResourceCompile:
         C:\Program Files (x86)\Microsoft SDKs\Windows\v7.0A\bin\rc.exe /nologo /fo"Debug\Main.exe.embed.manifest.res" Debug\Main_manifest.rc 
       Link:
         c:\Program Files (x86)\Microsoft Visual Studio 10.0\VC\bin\link.exe /ERRORREPORT:PROMPT /OUT:"X:\Medienprog\Aufgabe 1\Debug\Main.exe" /INCREMENTAL /NOLOGO kernel32.lib user32.lib gdi32.lib winspool.lib comdlg32.lib advapi32.lib shell32.lib ole32.lib oleaut32.lib uuid.lib odbc32.lib odbccp32.lib /MANIFEST /ManifestFile:"Debug\Main.exe.intermediate.manifest" /MANIFESTUAC:"level='asInvoker' uiAccess='false'" /DEBUG /PDB:"X:\Medienprog\Aufgabe 1\Debug\Main.pdb" /SUBSYSTEM:CONSOLE /TLBID:1 /DYNAMICBASE /NXCOMPAT /IMPLIB:"X:\Medienprog\Aufgabe 1\Debug\Main.lib" /MACHINE:X86 Debug\Main.exe.embed.manifest.res
         Debug\main.obj
         ..\Debug\BibLib.lib
       Manifest:
         Die Datei "Debug\Main.exe.embed.manifest" wird gelöscht.
         C:\Program Files (x86)\Microsoft SDKs\Windows\v7.0A\bin\mt.exe /nologo /verbose /out:"Debug\Main.exe.embed.manifest" /manifest Debug\Main.exe.intermediate.manifest
         C:\Program Files (x86)\Microsoft SDKs\Windows\v7.0A\bin\rc.exe /nologo /fo"Debug\Main.exe.embed.manifest.res" Debug\Main_manifest.rc 
       LinkEmbedManifest:
         c:\Program Files (x86)\Microsoft Visual Studio 10.0\VC\bin\link.exe /ERRORREPORT:PROMPT /OUT:"X:\Medienprog\Aufgabe 1\Debug\Main.exe" /INCREMENTAL /NOLOGO kernel32.lib user32.lib gdi32.lib winspool.lib comdlg32.lib advapi32.lib shell32.lib ole32.lib oleaut32.lib uuid.lib odbc32.lib odbccp32.lib /MANIFEST /ManifestFile:"Debug\Main.exe.intermediate.manifest" /MANIFESTUAC:"level='asInvoker' uiAccess='false'" /DEBUG /PDB:"X:\Medienprog\Aufgabe 1\Debug\Main.pdb" /SUBSYSTEM:CONSOLE /TLBID:1 /DYNAMICBASE /NXCOMPAT /IMPLIB:"X:\Medienprog\Aufgabe 1\Debug\Main.lib" /MACHINE:X86 Debug\Main.exe.embed.manifest.res
         Debug\main.obj
         ..\Debug\BibLib.lib
         Aufgabe 1.vcxproj -> X:\Medienprog\Aufgabe 1\Debug\Main.exe
       FinalizeBuildStatus:
         Die Datei "Debug\Main.unsuccessfulbuild" wird gelöscht.
         Aktualisieren des Timestamps von "Debug\Main.lastbuildstate".
     1>Die Erstellung des Projekts "X:\Medienprog\Aufgabe 1\Aufgabe 1\Aufgabe 1.vcxproj" ist abgeschlossen, rebuild Ziel(e).

Das Erstellen war erfolgreich.

Verstrichene Zeit 00:00:07.33
